<?xml version="1.0" encoding="UTF-8"?>
<!-- Generated by org.testng.reporters.JUnitReportReporter -->
<testsuite hostname="thripura-PC" name="com.rameshsoft.automation.gmail.scripts.Gmail_Test" tests="1" failures="0" timestamp="28 Jan 2020 04:16:45 GMT" time="5.462" errors="0">
  <testcase name="gmailLogin" time="5.462" classname="com.rameshsoft.automation.gmail.scripts.Gmail_Test"/>
</testsuite> <!-- com.rameshsoft.automation.gmail.scripts.Gmail_Test -->
