<?xml version="1.0" encoding="UTF-8"?>
<!-- Generated by org.testng.reporters.JUnitReportReporter -->
<testsuite hostname="thripura-PC" name="com.rameshsoft.automation.gmail.scripts.BingTest" tests="1" failures="0" timestamp="28 Jan 2020 04:16:45 GMT" time="2.338" errors="0">
  <testcase name="helloPlzPractice" time="2.338" classname="com.rameshsoft.automation.gmail.scripts.BingTest"/>
</testsuite> <!-- com.rameshsoft.automation.gmail.scripts.BingTest -->
