<?xml version="1.0" encoding="UTF-8"?>
<!-- Generated by org.testng.reporters.JUnitReportReporter -->
<testsuite hostname="thripura-PC" name="com.rameshsoft.automation.gmail.scripts.FB_Test" tests="1" failures="0" timestamp="28 Jan 2020 04:16:45 GMT" time="15.768" errors="0">
  <testcase name="fbTest" time="15.768" classname="com.rameshsoft.automation.gmail.scripts.FB_Test"/>
</testsuite> <!-- com.rameshsoft.automation.gmail.scripts.FB_Test -->
